2013-02-25 22:41:52 [ampache] (i18n) -> Setting locale to de_DE.UTF-8 
2013-02-25 22:41:52 [ampache] (i18n) -> gettext is emulated 
2013-02-25 22:41:53 [ampache] (i18n) -> Setting locale to de_DE.UTF-8 
2013-02-25 22:41:53 [ampache] (i18n) -> gettext is emulated 
2013-02-25 22:41:59 [ampache] (i18n) -> Setting locale to de_DE.UTF-8 
2013-02-25 22:41:59 [ampache] (i18n) -> gettext is emulated 
2013-02-25 22:43:02 [ampache] (i18n) -> Setting locale to de_DE.UTF-8 
2013-02-25 22:43:02 [ampache] (i18n) -> gettext is emulated 
2013-02-25 22:43:02 [ampache] (session) -> Unable to read session from key kk747pilar5i5aukeev2n9mob2 no data found 
2013-02-25 22:43:10 [ampache] (i18n) -> Setting locale to de_DE.UTF-8 
2013-02-25 22:43:10 [ampache] (i18n) -> gettext is emulated 
2013-02-25 22:43:10 [ampache] (session) -> Unable to read session from key kk747pilar5i5aukeev2n9mob2 no data found 
2013-02-25 22:43:10 [tsquare] (session) -> Session created:jcq2jhmlbas5iv8a4v603at202 
2013-02-25 22:43:11 [tsquare] (session) -> jcq2jhmlbas5iv8a4v603at202 has been extended to Mon, 25 Feb 2013 23:43:11 +0100 extension length 3600 
2013-02-25 22:43:11 [tsquare] (i18n) -> Setting locale to de_DE.UTF-8 
2013-02-25 22:43:11 [tsquare] (i18n) -> gettext is emulated 
2013-02-25 22:43:11 [tsquare] (session) -> Session created:5e0eb807962ed1ab88086a51c3bd3912 
2013-02-25 22:43:13 [tsquare] (session) -> jcq2jhmlbas5iv8a4v603at202 has been extended to Mon, 25 Feb 2013 23:43:13 +0100 extension length 3600 
2013-02-25 22:43:13 [tsquare] (i18n) -> Setting locale to de_DE.UTF-8 
2013-02-25 22:43:13 [tsquare] (i18n) -> gettext is emulated 
2013-02-25 22:43:15 [tsquare] (session) -> jcq2jhmlbas5iv8a4v603at202 has been extended to Mon, 25 Feb 2013 23:43:15 +0100 extension length 3600 
2013-02-25 22:43:15 [tsquare] (i18n) -> Setting locale to de_DE.UTF-8 
2013-02-25 22:43:15 [tsquare] (i18n) -> gettext is emulated 
2013-02-25 22:43:16 [tsquare] (session) -> jcq2jhmlbas5iv8a4v603at202 has been extended to Mon, 25 Feb 2013 23:43:16 +0100 extension length 3600 
2013-02-25 22:43:16 [tsquare] (i18n) -> Setting locale to de_DE.UTF-8 
2013-02-25 22:43:16 [tsquare] (i18n) -> gettext is emulated 
2013-02-25 22:43:16 [tsquare] (ajax.server.php) -> Page: index Action:random_albums 
2013-02-25 22:43:18 [tsquare] (session) -> jcq2jhmlbas5iv8a4v603at202 has been extended to Mon, 25 Feb 2013 23:43:18 +0100 extension length 3600 
2013-02-25 22:43:18 [tsquare] (i18n) -> Setting locale to de_DE.UTF-8 
2013-02-25 22:43:18 [tsquare] (i18n) -> gettext is emulated 
2013-02-25 22:43:18 [tsquare] (ajax.server.php) -> Page: browse Action:song 
2013-02-25 22:43:18 [tsquare] (browse.ajax.php) -> Action:song Browse ID: 
2013-02-25 22:43:18 [tsquare] (query.class.php) -> Set type:song 
2013-02-25 22:43:19 [ampache] (PHP) -> [Runtime Error] Illegal string offset 'rating' in file C:\Daten\Sync\Daten\Dokumente\Dropbox\Programmierung\homepages\TT-Music\lib\class\rating.class.php(109) 
2013-02-25 22:43:20 [ampache] (PHP) -> [Runtime Error] Illegal string offset 'rating' in file C:\Daten\Sync\Daten\Dokumente\Dropbox\Programmierung\homepages\TT-Music\lib\class\rating.class.php(109) 
2013-02-25 22:43:22 [tsquare] (session) -> jcq2jhmlbas5iv8a4v603at202 has been extended to Mon, 25 Feb 2013 23:43:22 +0100 extension length 3600 
2013-02-25 22:43:22 [tsquare] (i18n) -> Setting locale to de_DE.UTF-8 
2013-02-25 22:43:22 [tsquare] (i18n) -> gettext is emulated 
2013-02-25 22:43:22 [tsquare] (ajax.server.php) -> Page: browse Action:get_filters 
2013-02-25 22:43:22 [tsquare] (browse.ajax.php) -> Action:get_filters Browse ID:1 
2013-02-25 22:43:32 [tsquare] (Catalog) -> set catalog id: 0 
2013-02-25 22:43:53 [tsquare] (session) -> jcq2jhmlbas5iv8a4v603at202 has been extended to Mon, 25 Feb 2013 23:43:53 +0100 extension length 3600 
2013-02-25 22:43:53 [tsquare] (i18n) -> Setting locale to de_DE.UTF-8 
2013-02-25 22:43:53 [tsquare] (i18n) -> gettext is emulated 
2013-02-25 22:43:53 [tsquare] (ajax.server.php) -> Page: browse Action:tag 
2013-02-25 22:43:53 [tsquare] (browse.ajax.php) -> Action:tag Browse ID: 
2013-02-25 22:43:53 [tsquare] (query.class.php) -> Set type:tag 
2013-02-25 22:43:54 [tsquare] (query.class.php) -> Set type:song 
2013-02-25 22:43:58 [tsquare] (session) -> jcq2jhmlbas5iv8a4v603at202 has been extended to Mon, 25 Feb 2013 23:43:58 +0100 extension length 3600 
2013-02-25 22:43:58 [tsquare] (i18n) -> Setting locale to de_DE.UTF-8 
2013-02-25 22:43:58 [tsquare] (i18n) -> gettext is emulated 
2013-02-25 22:43:58 [tsquare] (ajax.server.php) -> Page: browse Action:get_filters 
2013-02-25 22:43:58 [tsquare] (browse.ajax.php) -> Action:get_filters Browse ID:3 
2013-02-25 22:43:58 [tsquare] (Catalog) -> set catalog id: 0 
2013-02-25 22:44:05 [tsquare] (session) -> jcq2jhmlbas5iv8a4v603at202 has been extended to Mon, 25 Feb 2013 23:44:05 +0100 extension length 3600 
2013-02-25 22:44:05 [tsquare] (i18n) -> Setting locale to de_DE.UTF-8 
2013-02-25 22:44:05 [tsquare] (i18n) -> gettext is emulated 
2013-02-25 22:44:05 [tsquare] (ajax.server.php) -> Page: tag Action:add_filter 
2013-02-25 22:44:05 [tsquare] (tag.ajax.php) -> Action:add_filter Browse ID:3 Tag ID:104 
2013-02-25 22:44:08 [tsquare] (session) -> jcq2jhmlbas5iv8a4v603at202 has been extended to Mon, 25 Feb 2013 23:44:08 +0100 extension length 3600 
2013-02-25 22:44:08 [tsquare] (i18n) -> Setting locale to de_DE.UTF-8 
2013-02-25 22:44:08 [tsquare] (i18n) -> gettext is emulated 
2013-02-25 22:44:08 [tsquare] (ajax.server.php) -> Page: browse Action:get_filters 
2013-02-25 22:44:08 [tsquare] (browse.ajax.php) -> Action:get_filters Browse ID:3 
2013-02-25 22:44:08 [tsquare] (Catalog) -> set catalog id: 0 
2013-02-25 22:44:14 [tsquare] (session) -> jcq2jhmlbas5iv8a4v603at202 has been extended to Mon, 25 Feb 2013 23:44:14 +0100 extension length 3600 
2013-02-25 22:44:14 [tsquare] (i18n) -> Setting locale to de_DE.UTF-8 
2013-02-25 22:44:14 [tsquare] (i18n) -> gettext is emulated 
2013-02-25 22:44:14 [tsquare] (ajax.server.php) -> Page: index Action:reloadnp 
2013-02-25 22:44:14 [tsquare] (session) -> Session created:52a062863f0c6c3a596d98d85b358983 
2013-02-25 22:44:21 [tsquare] (session) -> jcq2jhmlbas5iv8a4v603at202 has been extended to Mon, 25 Feb 2013 23:44:21 +0100 extension length 3600 
2013-02-25 22:44:21 [tsquare] (i18n) -> Setting locale to de_DE.UTF-8 
2013-02-25 22:44:21 [tsquare] (i18n) -> gettext is emulated 
2013-02-25 22:44:21 [tsquare] (ajax.server.php) -> Page: tag Action:add_filter 
2013-02-25 22:44:21 [tsquare] (tag.ajax.php) -> Action:add_filter Browse ID:3 Tag ID:105 
2013-02-25 22:44:24 [tsquare] (session) -> jcq2jhmlbas5iv8a4v603at202 has been extended to Mon, 25 Feb 2013 23:44:24 +0100 extension length 3600 
2013-02-25 22:44:24 [tsquare] (i18n) -> Setting locale to de_DE.UTF-8 
2013-02-25 22:44:24 [tsquare] (i18n) -> gettext is emulated 
2013-02-25 22:44:24 [tsquare] (ajax.server.php) -> Page: browse Action:get_filters 
2013-02-25 22:44:24 [tsquare] (browse.ajax.php) -> Action:get_filters Browse ID:3 
2013-02-25 22:44:24 [tsquare] (Catalog) -> set catalog id: 0 
2013-02-25 22:45:08 [tsquare] (session) -> jcq2jhmlbas5iv8a4v603at202 has been extended to Mon, 25 Feb 2013 23:45:08 +0100 extension length 3600 
2013-02-25 22:45:08 [tsquare] (i18n) -> Setting locale to de_DE.UTF-8 
2013-02-25 22:45:08 [tsquare] (i18n) -> gettext is emulated 
2013-02-25 22:45:08 [tsquare] (ajax.server.php) -> Page: browse Action:artist 
2013-02-25 22:45:08 [tsquare] (browse.ajax.php) -> Action:artist Browse ID: 
2013-02-25 22:45:35 [tsquare] (session) -> jcq2jhmlbas5iv8a4v603at202 has been extended to Mon, 25 Feb 2013 23:45:35 +0100 extension length 3600 
2013-02-25 22:45:35 [tsquare] (i18n) -> Setting locale to de_DE.UTF-8 
2013-02-25 22:45:35 [tsquare] (i18n) -> gettext is emulated 
2013-02-25 22:45:35 [tsquare] (ajax.server.php) -> Page: browse Action:artist 
2013-02-25 22:45:35 [tsquare] (browse.ajax.php) -> Action:artist Browse ID: 
2013-02-25 22:45:35 [tsquare] (query.class.php) -> Set type:artist 
2013-02-25 22:45:35 [tsquare] (session) -> jcq2jhmlbas5iv8a4v603at202 has been extended to Mon, 25 Feb 2013 23:45:35 +0100 extension length 3600 
2013-02-25 22:45:35 [tsquare] (i18n) -> Setting locale to de_DE.UTF-8 
2013-02-25 22:45:35 [tsquare] (i18n) -> gettext is emulated 
2013-02-25 22:45:35 [tsquare] (ajax.server.php) -> Page: index Action:reloadnp 
2013-02-25 22:45:35 [tsquare] (session) -> Session created:7835a3b054e8887dfc55c806aca8e489 
2013-02-25 22:45:36 [tsquare] (show_artists_inc.php) -> Hello 
2013-02-25 22:45:36 [tsquare] (show_artists_inc.php) -> 'N Sync 
2013-02-25 22:45:36 [tsquare] (show_artists_inc.php) -> 'N Sync & Nelly 
2013-02-25 22:45:36 [tsquare] (show_artists_inc.php) -> (+44) 
2013-02-25 22:45:36 [tsquare] (show_artists_inc.php) -> **Leer 
2013-02-25 22:45:36 [tsquare] (show_artists_inc.php) -> 08.10. 
2013-02-25 22:45:36 [tsquare] (show_artists_inc.php) -> 10 CC 
2013-02-25 22:45:36 [tsquare] (show_artists_inc.php) -> 101 Country Hits 
2013-02-25 22:45:36 [tsquare] (show_artists_inc.php) -> 10cc 
2013-02-25 22:45:36 [tsquare] (show_artists_inc.php) -> 16 Bit 
2013-02-25 22:45:36 [tsquare] (show_artists_inc.php) -> 2 Black 
2013-02-25 22:45:36 [tsquare] (show_artists_inc.php) -> 2 Unlimited 
2013-02-25 22:45:36 [tsquare] (show_artists_inc.php) -> 2-4 Family 
2013-02-25 22:45:36 [tsquare] (show_artists_inc.php) -> 2-4 Grooves 
2013-02-25 22:45:36 [tsquare] (show_artists_inc.php) -> 20 Fingers 
2013-02-25 22:45:36 [tsquare] (show_artists_inc.php) -> 200 Sachen 
2013-02-25 22:45:37 [tsquare] (show_artists_inc.php) -> 23 
2013-02-25 22:45:37 [tsquare] (show_artists_inc.php) -> 23 feat. Peter Maffay 
2013-02-25 22:45:37 [tsquare] (show_artists_inc.php) -> 2Pac 
2013-02-25 22:45:37 [tsquare] (show_artists_inc.php) -> 2Pac feat. Ashanti 
2013-02-25 22:45:37 [tsquare] (show_artists_inc.php) -> 2Pac feat. Dr. Dre 
2013-02-25 22:45:37 [tsquare] (show_artists_inc.php) -> 2Pac feat. The Notorious... 
2013-02-25 22:45:37 [tsquare] (show_artists_inc.php) -> 2Raumwohnung 
2013-02-25 22:45:37 [tsquare] (show_artists_inc.php) -> Die 3 Besoffskis 
2013-02-25 22:45:37 [tsquare] (show_artists_inc.php) -> 3 Doors Down 
2013-02-25 22:45:37 [tsquare] (show_artists_inc.php) -> 3 Love Divas 
2013-02-25 22:45:37 [tsquare] (show_artists_inc.php) -> Die 3. Generation 
2013-02-25 22:45:37 [tsquare] (show_artists_inc.php) -> 30 Seconds To Mars 
2013-02-25 22:45:37 [tsquare] (show_artists_inc.php) -> 30 Seconds to Mars feat.... 
2013-02-25 22:45:37 [tsquare] (show_artists_inc.php) -> 3OH!3 feat Kesha 
2013-02-25 22:45:37 [tsquare] (show_artists_inc.php) -> 3Oh3 
2013-02-25 22:45:37 [tsquare] (show_artists_inc.php) -> 3rd Wish 
2013-02-25 22:45:37 [tsquare] (show_artists_inc.php) -> 3rd Wish feat. Baby Bash 
2013-02-25 22:45:37 [tsquare] (show_artists_inc.php) -> 3rd Wish feat. Pat Moe 
2013-02-25 22:45:37 [tsquare] (show_artists_inc.php) -> 3T 
2013-02-25 22:45:37 [tsquare] (show_artists_inc.php) -> Die 4 Apostel 
2013-02-25 22:45:37 [tsquare] (show_artists_inc.php) -> 4 Non Blondes 
2013-02-25 22:45:37 [tsquare] (show_artists_inc.php) -> 4 Strings 
2013-02-25 22:45:37 [tsquare] (show_artists_inc.php) -> 4 The Cause 
2013-02-25 22:45:37 [tsquare] (show_artists_inc.php) -> 4 United 
2013-02-25 22:45:37 [tsquare] (show_artists_inc.php) -> The 411 
2013-02-25 22:45:37 [tsquare] (show_artists_inc.php) -> The 411 feat. Ghostface ... 
2013-02-25 22:45:37 [tsquare] (show_artists_inc.php) -> 49ers 
2013-02-25 22:45:37 [tsquare] (show_artists_inc.php) -> 4Fun 
2013-02-25 22:45:37 [tsquare] (show_artists_inc.php) -> 50 Cent 
2013-02-25 22:45:37 [tsquare] (show_artists_inc.php) -> 50 Cent feat. Dr Dre & A... 
2013-02-25 22:45:37 [tsquare] (show_artists_inc.php) -> 50 Cent feat. Jovan Dais 
2013-02-25 22:45:37 [tsquare] (show_artists_inc.php) -> 50 Cent feat. Justin Tim... 
2013-02-25 22:45:37 [tsquare] (show_artists_inc.php) -> 50 Cent feat. Mobb Deep 
2013-02-25 22:45:37 [tsquare] (show_artists_inc.php) -> 50 Cent feat. Ne-Yo 
2013-02-25 22:45:37 [tsquare] (show_artists_inc.php) -> 5000 Volts 
