2013-02-20 16:46:41 [tsquare] (session) -> ct7spke6hsmmlet8q3nba3qo83 has been extended to Wed, 20 Feb 2013 17:46:41 +0100 extension length 3600 
2013-02-20 16:46:41 [tsquare] (i18n) -> Setting locale to de_DE.UTF-8 
2013-02-20 16:46:41 [tsquare] (i18n) -> gettext is emulated 
2013-02-20 16:46:41 [tsquare] (ajax.server.php) -> Page: album Action:select_art 
2013-02-20 16:46:41 [tsquare] (album.ajax.php) -> Action:select_art Album: ID:163 
2013-02-20 16:46:41 [tsquare] (Art) -> Inserting image Album: Anti Hero 
2013-02-20 16:46:42 [tsquare] (vainfo) -> encoding detection: {"ASCII":4} 
2013-02-20 16:46:42 [tsquare] (read_id3) -> file:C:\Dokumente und Einstellungen\tt\Desktop\test\Marlon Roudette - Anti Hero.mp3 
2013-02-20 16:46:45 [tsquare] (session) -> ct7spke6hsmmlet8q3nba3qo83 has been extended to Wed, 20 Feb 2013 17:46:45 +0100 extension length 3600 
2013-02-20 16:46:45 [tsquare] (i18n) -> Setting locale to de_DE.UTF-8 
2013-02-20 16:46:45 [tsquare] (i18n) -> gettext is emulated 
2013-02-20 16:46:45 [tsquare] (ajax.server.php) -> Page: index Action:reloadnp 
2013-02-20 16:46:45 [tsquare] (session) -> Session created:afa296a6c84f47e8e071c4c45032a61a 
2013-02-20 16:47:47 [tsquare] (session) -> ct7spke6hsmmlet8q3nba3qo83 has been extended to Wed, 20 Feb 2013 17:47:47 +0100 extension length 3600 
2013-02-20 16:47:47 [tsquare] (i18n) -> Setting locale to de_DE.UTF-8 
2013-02-20 16:47:47 [tsquare] (i18n) -> gettext is emulated 
2013-02-20 16:47:47 [tsquare] (ajax.server.php) -> Page: index Action:reloadnp 
2013-02-20 16:47:47 [tsquare] (session) -> Session created:74be8037e6852682d8de168b9579b4cf 
2013-02-20 16:48:45 [tsquare] (session) -> ct7spke6hsmmlet8q3nba3qo83 has been extended to Wed, 20 Feb 2013 17:48:45 +0100 extension length 3600 
2013-02-20 16:48:45 [tsquare] (i18n) -> Setting locale to de_DE.UTF-8 
2013-02-20 16:48:45 [tsquare] (i18n) -> gettext is emulated 
2013-02-20 16:48:46 [tsquare] (ajax.server.php) -> Page: index Action:reloadnp 
2013-02-20 16:48:46 [tsquare] (session) -> Session created:161a6b366fce84f195ec6fa3e628ef13 
2013-02-20 16:49:11 [tsquare] (session) -> ct7spke6hsmmlet8q3nba3qo83 has been extended to Wed, 20 Feb 2013 17:49:11 +0100 extension length 3600 
2013-02-20 16:49:11 [tsquare] (i18n) -> Setting locale to de_DE.UTF-8 
2013-02-20 16:49:11 [tsquare] (i18n) -> gettext is emulated 
2013-02-20 16:49:11 [tsquare] (ajax.server.php) -> Page: album Action:select_art 
2013-02-20 16:49:11 [tsquare] (album.ajax.php) -> Action:select_art Album: ID:163 
2013-02-20 16:49:12 [tsquare] (Art) -> Inserting image Album: Anti Hero 
2013-02-20 16:49:12 [tsquare] (vainfo) -> encoding detection: {"ASCII":4} 
2013-02-20 16:49:12 [tsquare] (update_art) -> No id3v2 
2013-02-20 16:49:12 [tsquare] (Core) -> Registered post form confirmation with SID c9a4e3d30a6d29a27f6554784b8fd589 and expiration 1361378952 (3600 seconds from now) 
2013-02-20 16:49:14 [tsquare] (session) -> ct7spke6hsmmlet8q3nba3qo83 has been extended to Wed, 20 Feb 2013 17:49:14 +0100 extension length 3600 
2013-02-20 16:49:14 [tsquare] (i18n) -> Setting locale to de_DE.UTF-8 
2013-02-20 16:49:14 [tsquare] (i18n) -> gettext is emulated 
2013-02-20 16:49:14 [tsquare] (ajax.server.php) -> Page: album Action:show 
2013-02-20 16:49:14 [tsquare] (album.ajax.php) -> Action:show Album:163 ID: 
2013-02-20 16:49:15 [tsquare] (query.class.php) -> Set type:song 
2013-02-20 16:49:15 [tsquare] (session) -> ct7spke6hsmmlet8q3nba3qo83 has been extended to Wed, 20 Feb 2013 17:49:15 +0100 extension length 3600 
2013-02-20 16:49:15 [tsquare] (i18n) -> Setting locale to de_DE.UTF-8 
2013-02-20 16:49:15 [tsquare] (i18n) -> gettext is emulated 
2013-02-20 16:49:15 [tsquare] (ajax.server.php) -> Page: browse Action:get_filters 
2013-02-20 16:49:15 [tsquare] (browse.ajax.php) -> Action:get_filters Browse ID:34 
2013-02-20 16:49:15 [tsquare] (Catalog) -> set catalog id: 0 
2013-02-20 16:49:47 [tsquare] (session) -> ct7spke6hsmmlet8q3nba3qo83 has been extended to Wed, 20 Feb 2013 17:49:47 +0100 extension length 3600 
2013-02-20 16:49:47 [tsquare] (i18n) -> Setting locale to de_DE.UTF-8 
2013-02-20 16:49:47 [tsquare] (i18n) -> gettext is emulated 
2013-02-20 16:49:47 [tsquare] (ajax.server.php) -> Page: index Action:reloadnp 
2013-02-20 16:49:47 [tsquare] (session) -> Session created:15d83daef3f6c2a1fc633b2074401792 
2013-02-20 16:50:46 [tsquare] (session) -> ct7spke6hsmmlet8q3nba3qo83 has been extended to Wed, 20 Feb 2013 17:50:46 +0100 extension length 3600 
2013-02-20 16:50:46 [tsquare] (i18n) -> Setting locale to de_DE.UTF-8 
2013-02-20 16:50:46 [tsquare] (i18n) -> gettext is emulated 
2013-02-20 16:50:46 [tsquare] (ajax.server.php) -> Page: index Action:reloadnp 
2013-02-20 16:50:46 [tsquare] (session) -> Session created:b40fa0920c30e2c4ea97bc1d0b91a304 
2013-02-20 16:51:45 [tsquare] (session) -> ct7spke6hsmmlet8q3nba3qo83 has been extended to Wed, 20 Feb 2013 17:51:45 +0100 extension length 3600 
2013-02-20 16:51:45 [tsquare] (i18n) -> Setting locale to de_DE.UTF-8 
2013-02-20 16:51:45 [tsquare] (i18n) -> gettext is emulated 
2013-02-20 16:51:45 [tsquare] (ajax.server.php) -> Page: index Action:reloadnp 
2013-02-20 16:51:45 [tsquare] (session) -> Session created:d80a8052e6ae342947e3312efc77a554 
2013-02-20 16:52:45 [tsquare] (session) -> ct7spke6hsmmlet8q3nba3qo83 has been extended to Wed, 20 Feb 2013 17:52:45 +0100 extension length 3600 
2013-02-20 16:52:45 [tsquare] (i18n) -> Setting locale to de_DE.UTF-8 
2013-02-20 16:52:45 [tsquare] (i18n) -> gettext is emulated 
2013-02-20 16:52:45 [tsquare] (ajax.server.php) -> Page: index Action:reloadnp 
2013-02-20 16:52:45 [tsquare] (session) -> Session created:c41662f76338fa4cc09a0485563becb8 
2013-02-20 16:53:45 [tsquare] (session) -> ct7spke6hsmmlet8q3nba3qo83 has been extended to Wed, 20 Feb 2013 17:53:45 +0100 extension length 3600 
2013-02-20 16:53:45 [tsquare] (i18n) -> Setting locale to de_DE.UTF-8 
2013-02-20 16:53:45 [tsquare] (i18n) -> gettext is emulated 
2013-02-20 16:53:45 [tsquare] (ajax.server.php) -> Page: index Action:reloadnp 
2013-02-20 16:53:45 [tsquare] (session) -> Session created:b773169468789db0b815446cb92089b3 
2013-02-20 16:54:46 [tsquare] (session) -> ct7spke6hsmmlet8q3nba3qo83 has been extended to Wed, 20 Feb 2013 17:54:46 +0100 extension length 3600 
2013-02-20 16:54:46 [tsquare] (i18n) -> Setting locale to de_DE.UTF-8 
2013-02-20 16:54:46 [tsquare] (i18n) -> gettext is emulated 
2013-02-20 16:54:46 [tsquare] (ajax.server.php) -> Page: index Action:reloadnp 
2013-02-20 16:54:46 [tsquare] (session) -> Session created:93c1809e210c68d1ef08a1bfebcd57fc 
2013-02-20 16:55:47 [tsquare] (session) -> ct7spke6hsmmlet8q3nba3qo83 has been extended to Wed, 20 Feb 2013 17:55:47 +0100 extension length 3600 
2013-02-20 16:55:47 [tsquare] (i18n) -> Setting locale to de_DE.UTF-8 
2013-02-20 16:55:47 [tsquare] (i18n) -> gettext is emulated 
2013-02-20 16:55:47 [tsquare] (ajax.server.php) -> Page: index Action:reloadnp 
2013-02-20 16:55:47 [tsquare] (session) -> Session created:c681f8a81c3c4e1e02f74624e8756df8 
2013-02-20 16:56:45 [tsquare] (session) -> ct7spke6hsmmlet8q3nba3qo83 has been extended to Wed, 20 Feb 2013 17:56:45 +0100 extension length 3600 
2013-02-20 16:56:45 [tsquare] (i18n) -> Setting locale to de_DE.UTF-8 
2013-02-20 16:56:45 [tsquare] (i18n) -> gettext is emulated 
2013-02-20 16:56:45 [tsquare] (ajax.server.php) -> Page: index Action:reloadnp 
2013-02-20 16:56:45 [tsquare] (session) -> Session created:d989da6e567ce3252c9b5108dbecdcdc 
2013-02-20 16:57:45 [tsquare] (session) -> ct7spke6hsmmlet8q3nba3qo83 has been extended to Wed, 20 Feb 2013 17:57:45 +0100 extension length 3600 
2013-02-20 16:57:45 [tsquare] (i18n) -> Setting locale to de_DE.UTF-8 
2013-02-20 16:57:45 [tsquare] (i18n) -> gettext is emulated 
2013-02-20 16:57:45 [tsquare] (ajax.server.php) -> Page: index Action:reloadnp 
2013-02-20 16:57:45 [tsquare] (session) -> Session created:d3c4514c617f4c0078bb458ac838ccc0 
2013-02-20 16:58:45 [tsquare] (session) -> ct7spke6hsmmlet8q3nba3qo83 has been extended to Wed, 20 Feb 2013 17:58:45 +0100 extension length 3600 
2013-02-20 16:58:45 [tsquare] (i18n) -> Setting locale to de_DE.UTF-8 
2013-02-20 16:58:45 [tsquare] (i18n) -> gettext is emulated 
2013-02-20 16:58:45 [tsquare] (ajax.server.php) -> Page: index Action:reloadnp 
2013-02-20 16:58:45 [tsquare] (session) -> Session created:49a2b2dc43e9d784b85ba1ad635de28b 
2013-02-20 16:59:46 [tsquare] (session) -> ct7spke6hsmmlet8q3nba3qo83 has been extended to Wed, 20 Feb 2013 17:59:46 +0100 extension length 3600 
2013-02-20 16:59:46 [tsquare] (i18n) -> Setting locale to de_DE.UTF-8 
2013-02-20 16:59:46 [tsquare] (i18n) -> gettext is emulated 
2013-02-20 16:59:46 [tsquare] (ajax.server.php) -> Page: index Action:reloadnp 
2013-02-20 16:59:46 [tsquare] (session) -> Session created:b19c00bc47b8e73ad48d39f48714dbdf 
2013-02-20 17:00:46 [tsquare] (session) -> ct7spke6hsmmlet8q3nba3qo83 has been extended to Wed, 20 Feb 2013 18:00:46 +0100 extension length 3600 
2013-02-20 17:00:46 [tsquare] (i18n) -> Setting locale to de_DE.UTF-8 
2013-02-20 17:00:46 [tsquare] (i18n) -> gettext is emulated 
2013-02-20 17:00:46 [tsquare] (ajax.server.php) -> Page: index Action:reloadnp 
2013-02-20 17:00:46 [tsquare] (session) -> Session created:8b0754e7448d63a7f6fc569cb5864b8c 
2013-02-20 17:01:45 [tsquare] (session) -> ct7spke6hsmmlet8q3nba3qo83 has been extended to Wed, 20 Feb 2013 18:01:45 +0100 extension length 3600 
2013-02-20 17:01:45 [tsquare] (i18n) -> Setting locale to de_DE.UTF-8 
2013-02-20 17:01:45 [tsquare] (i18n) -> gettext is emulated 
2013-02-20 17:01:45 [tsquare] (ajax.server.php) -> Page: index Action:reloadnp 
2013-02-20 17:01:45 [tsquare] (session) -> Session created:2bf6da09f8d3bd1a3ef7c0168bcdd837 
2013-02-20 17:02:45 [tsquare] (session) -> ct7spke6hsmmlet8q3nba3qo83 has been extended to Wed, 20 Feb 2013 18:02:45 +0100 extension length 3600 
2013-02-20 17:02:45 [tsquare] (i18n) -> Setting locale to de_DE.UTF-8 
2013-02-20 17:02:45 [tsquare] (i18n) -> gettext is emulated 
2013-02-20 17:02:45 [tsquare] (ajax.server.php) -> Page: index Action:reloadnp 
2013-02-20 17:02:45 [tsquare] (session) -> Session created:567a7c86baba37c4ea0837a364cbbe8b 
2013-02-20 17:03:45 [tsquare] (session) -> ct7spke6hsmmlet8q3nba3qo83 has been extended to Wed, 20 Feb 2013 18:03:45 +0100 extension length 3600 
2013-02-20 17:03:45 [tsquare] (i18n) -> Setting locale to de_DE.UTF-8 
2013-02-20 17:03:45 [tsquare] (i18n) -> gettext is emulated 
2013-02-20 17:03:45 [tsquare] (ajax.server.php) -> Page: index Action:reloadnp 
2013-02-20 17:03:45 [tsquare] (session) -> Session created:1b3272e7ab4e05ecf466dcc083761b0b 
2013-02-20 17:04:45 [tsquare] (session) -> ct7spke6hsmmlet8q3nba3qo83 has been extended to Wed, 20 Feb 2013 18:04:45 +0100 extension length 3600 
2013-02-20 17:04:45 [tsquare] (i18n) -> Setting locale to de_DE.UTF-8 
2013-02-20 17:04:45 [tsquare] (i18n) -> gettext is emulated 
2013-02-20 17:04:45 [tsquare] (ajax.server.php) -> Page: index Action:reloadnp 
2013-02-20 17:04:45 [tsquare] (session) -> Session created:c4368ea580e5897cde465364a153f390 
2013-02-20 17:05:47 [tsquare] (session) -> ct7spke6hsmmlet8q3nba3qo83 has been extended to Wed, 20 Feb 2013 18:05:47 +0100 extension length 3600 
2013-02-20 17:05:47 [tsquare] (i18n) -> Setting locale to de_DE.UTF-8 
2013-02-20 17:05:47 [tsquare] (i18n) -> gettext is emulated 
2013-02-20 17:05:47 [tsquare] (ajax.server.php) -> Page: index Action:reloadnp 
2013-02-20 17:05:47 [tsquare] (session) -> Session created:fc3e2e01de20d87552ad432d5085cf69 
2013-02-20 17:06:45 [tsquare] (session) -> ct7spke6hsmmlet8q3nba3qo83 has been extended to Wed, 20 Feb 2013 18:06:45 +0100 extension length 3600 
2013-02-20 17:06:45 [tsquare] (i18n) -> Setting locale to de_DE.UTF-8 
2013-02-20 17:06:45 [tsquare] (i18n) -> gettext is emulated 
2013-02-20 17:06:45 [tsquare] (ajax.server.php) -> Page: index Action:reloadnp 
2013-02-20 17:06:45 [tsquare] (session) -> Session created:c9ebf49311d33f0d550c80f817565aba 
