2013-02-26 12:22:59 [ampache] (i18n) -> Setting locale to de_DE.UTF-8 
2013-02-26 12:23:00 [ampache] (i18n) -> gettext is emulated 
2013-02-26 12:23:02 [ampache] (session) -> Unable to read session from key krmt2t5ku24gk1bdje04uin023 no data found 
2013-02-26 12:23:17 [ampache] (i18n) -> Setting locale to de_DE.UTF-8 
2013-02-26 12:23:17 [ampache] (i18n) -> gettext is emulated 
2013-02-26 12:23:17 [ampache] (session) -> Unable to read session from key krmt2t5ku24gk1bdje04uin023 no data found 
2013-02-26 12:23:17 [tsquare] (session) -> Session created:749u3c3t1le85roq0ic6b3m4f3 
2013-02-26 12:23:17 [tsquare] (session) -> 749u3c3t1le85roq0ic6b3m4f3 has been extended to Tue, 26 Feb 2013 13:23:17 +0100 extension length 3600 
2013-02-26 12:23:18 [tsquare] (i18n) -> Setting locale to de_DE.UTF-8 
2013-02-26 12:23:18 [tsquare] (i18n) -> gettext is emulated 
2013-02-26 12:23:21 [tsquare] (session) -> Session created:7b63d25fba596d58557d37690a52a361 
2013-02-26 12:23:30 [tsquare] (session) -> 749u3c3t1le85roq0ic6b3m4f3 has been extended to Tue, 26 Feb 2013 13:23:30 +0100 extension length 3600 
2013-02-26 12:23:30 [tsquare] (i18n) -> Setting locale to de_DE.UTF-8 
2013-02-26 12:23:30 [tsquare] (i18n) -> gettext is emulated 
2013-02-26 12:23:37 [tsquare] (session) -> 749u3c3t1le85roq0ic6b3m4f3 has been extended to Tue, 26 Feb 2013 13:23:37 +0100 extension length 3600 
2013-02-26 12:23:37 [tsquare] (i18n) -> Setting locale to de_DE.UTF-8 
2013-02-26 12:23:37 [tsquare] (i18n) -> gettext is emulated 
2013-02-26 12:23:37 [tsquare] (session) -> 749u3c3t1le85roq0ic6b3m4f3 has been extended to Tue, 26 Feb 2013 13:23:37 +0100 extension length 3600 
2013-02-26 12:23:37 [tsquare] (i18n) -> Setting locale to de_DE.UTF-8 
2013-02-26 12:23:37 [tsquare] (i18n) -> gettext is emulated 
2013-02-26 12:23:37 [tsquare] (ajax.server.php) -> Page: index Action:random_albums 
2013-02-26 12:23:38 [tsquare] (session) -> 749u3c3t1le85roq0ic6b3m4f3 has been extended to Tue, 26 Feb 2013 13:23:38 +0100 extension length 3600 
2013-02-26 12:23:38 [tsquare] (i18n) -> Setting locale to de_DE.UTF-8 
2013-02-26 12:23:38 [tsquare] (i18n) -> gettext is emulated 
2013-02-26 12:23:38 [tsquare] (ajax.server.php) -> Page: browse Action:tag 
2013-02-26 12:23:38 [tsquare] (browse.ajax.php) -> Action:tag Browse ID: 
2013-02-26 12:23:39 [tsquare] (query.class.php) -> Set type:tag 
2013-02-26 12:23:39 [tsquare] (query.class.php) -> Set type:song 
2013-02-26 12:23:41 [tsquare] (session) -> 749u3c3t1le85roq0ic6b3m4f3 has been extended to Tue, 26 Feb 2013 13:23:41 +0100 extension length 3600 
2013-02-26 12:23:41 [tsquare] (i18n) -> Setting locale to de_DE.UTF-8 
2013-02-26 12:23:41 [tsquare] (i18n) -> gettext is emulated 
2013-02-26 12:23:41 [tsquare] (ajax.server.php) -> Page: browse Action:get_filters 
2013-02-26 12:23:41 [tsquare] (browse.ajax.php) -> Action:get_filters Browse ID:2 
2013-02-26 12:23:42 [tsquare] (Catalog) -> set catalog id: 0 
2013-02-26 12:23:53 [tsquare] (session) -> 749u3c3t1le85roq0ic6b3m4f3 has been extended to Tue, 26 Feb 2013 13:23:53 +0100 extension length 3600 
2013-02-26 12:23:53 [tsquare] (i18n) -> Setting locale to de_DE.UTF-8 
2013-02-26 12:23:53 [tsquare] (i18n) -> gettext is emulated 
2013-02-26 12:23:53 [tsquare] (ajax.server.php) -> Page: song Action:show_song 
2013-02-26 12:23:53 [tsquare] (song.ajax.php) -> Action:show_song Song ID:1440 
2013-02-26 12:24:34 [tsquare] (session) -> 749u3c3t1le85roq0ic6b3m4f3 has been extended to Tue, 26 Feb 2013 13:24:34 +0100 extension length 3600 
2013-02-26 12:24:34 [tsquare] (i18n) -> Setting locale to de_DE.UTF-8 
2013-02-26 12:24:34 [tsquare] (i18n) -> gettext is emulated 
2013-02-26 12:24:34 [tsquare] (ajax.server.php) -> Page: index Action:reloadnp 
2013-02-26 12:24:35 [tsquare] (session) -> Session created:8b4c5c1a1883e4815857d9ff1a9d6cfc 
2013-02-26 12:24:49 [tsquare] (session) -> 749u3c3t1le85roq0ic6b3m4f3 has been extended to Tue, 26 Feb 2013 13:24:49 +0100 extension length 3600 
2013-02-26 12:24:49 [tsquare] (i18n) -> Setting locale to de_DE.UTF-8 
2013-02-26 12:24:49 [tsquare] (i18n) -> gettext is emulated 
2013-02-26 12:24:49 [tsquare] (ajax.server.php) -> Page: tag Action:save_tag 
2013-02-26 12:24:49 [tsquare] (tag.ajax.php) -> Action:save_tag Browse ID: Tag ID:545 
2013-02-26 12:24:50 [ampache] (PHP) -> [Runtime Error] Missing argument 5 for vainfo::__construct(), called in C:\xampp\htdocs\Dropbox\Programmierung\homepages\TT-Music\server\tag.ajax.php on line 73 and defined in file C:\xampp\htdocs\Dropbox\Programmierung\homepages\TT-Music\lib\class\vainfo.class.php(64) 
2013-02-26 12:24:50 [ampache] (PHP) -> [Runtime Error] Missing argument 6 for vainfo::__construct(), called in C:\xampp\htdocs\Dropbox\Programmierung\homepages\TT-Music\server\tag.ajax.php on line 73 and defined in file C:\xampp\htdocs\Dropbox\Programmierung\homepages\TT-Music\lib\class\vainfo.class.php(64) 
2013-02-26 12:24:52 [tsquare] (vainfo) -> encoding detection: {"ASCII":4} 
2013-02-26 12:25:32 [tsquare] (session) -> 749u3c3t1le85roq0ic6b3m4f3 has been extended to Tue, 26 Feb 2013 13:25:32 +0100 extension length 3600 
2013-02-26 12:25:33 [tsquare] (i18n) -> Setting locale to de_DE.UTF-8 
2013-02-26 12:25:33 [tsquare] (i18n) -> gettext is emulated 
2013-02-26 12:25:33 [tsquare] (ajax.server.php) -> Page: index Action:reloadnp 
2013-02-26 12:25:33 [tsquare] (session) -> Session created:f89a2a0472252e1137f362cd010e989d 
2013-02-26 12:26:32 [tsquare] (session) -> 749u3c3t1le85roq0ic6b3m4f3 has been extended to Tue, 26 Feb 2013 13:26:32 +0100 extension length 3600 
2013-02-26 12:26:33 [tsquare] (i18n) -> Setting locale to de_DE.UTF-8 
2013-02-26 12:26:33 [tsquare] (i18n) -> gettext is emulated 
2013-02-26 12:26:33 [tsquare] (ajax.server.php) -> Page: index Action:reloadnp 
2013-02-26 12:26:33 [tsquare] (session) -> Session created:4d01d672ac2e3a38ab96e489c7f99b06 
2013-02-26 12:27:32 [tsquare] (session) -> 749u3c3t1le85roq0ic6b3m4f3 has been extended to Tue, 26 Feb 2013 13:27:32 +0100 extension length 3600 
2013-02-26 12:27:32 [tsquare] (i18n) -> Setting locale to de_DE.UTF-8 
2013-02-26 12:27:32 [tsquare] (i18n) -> gettext is emulated 
2013-02-26 12:27:32 [tsquare] (ajax.server.php) -> Page: index Action:reloadnp 
2013-02-26 12:27:33 [tsquare] (session) -> Session created:11cf9993acbe8dc3460d0ffe7c8f45f0 
2013-02-26 12:28:32 [tsquare] (session) -> 749u3c3t1le85roq0ic6b3m4f3 has been extended to Tue, 26 Feb 2013 13:28:32 +0100 extension length 3600 
2013-02-26 12:28:32 [tsquare] (i18n) -> Setting locale to de_DE.UTF-8 
2013-02-26 12:28:32 [tsquare] (i18n) -> gettext is emulated 
2013-02-26 12:28:32 [tsquare] (ajax.server.php) -> Page: index Action:reloadnp 
2013-02-26 12:28:32 [tsquare] (session) -> Session created:eddd7142e79bc03795c10e796e28734d 
2013-02-26 12:29:32 [tsquare] (session) -> 749u3c3t1le85roq0ic6b3m4f3 has been extended to Tue, 26 Feb 2013 13:29:32 +0100 extension length 3600 
2013-02-26 12:29:32 [tsquare] (i18n) -> Setting locale to de_DE.UTF-8 
2013-02-26 12:29:32 [tsquare] (i18n) -> gettext is emulated 
2013-02-26 12:29:32 [tsquare] (ajax.server.php) -> Page: index Action:reloadnp 
2013-02-26 12:29:33 [tsquare] (session) -> Session created:5d8b371337b5cb55060f05f17f5a0869 
2013-02-26 12:30:32 [tsquare] (session) -> 749u3c3t1le85roq0ic6b3m4f3 has been extended to Tue, 26 Feb 2013 13:30:32 +0100 extension length 3600 
2013-02-26 12:30:32 [tsquare] (i18n) -> Setting locale to de_DE.UTF-8 
2013-02-26 12:30:32 [tsquare] (i18n) -> gettext is emulated 
2013-02-26 12:30:32 [tsquare] (ajax.server.php) -> Page: index Action:reloadnp 
2013-02-26 12:30:32 [tsquare] (session) -> Session created:4e2b90d404db1df43e8d0e72bac76a33 
2013-02-26 12:31:32 [tsquare] (session) -> 749u3c3t1le85roq0ic6b3m4f3 has been extended to Tue, 26 Feb 2013 13:31:32 +0100 extension length 3600 
2013-02-26 12:31:32 [tsquare] (i18n) -> Setting locale to de_DE.UTF-8 
2013-02-26 12:31:32 [tsquare] (i18n) -> gettext is emulated 
2013-02-26 12:31:32 [tsquare] (ajax.server.php) -> Page: index Action:reloadnp 
2013-02-26 12:31:32 [tsquare] (session) -> Session created:57978e7c20dd40d189ae5becea4df8e4 
2013-02-26 12:32:32 [tsquare] (session) -> 749u3c3t1le85roq0ic6b3m4f3 has been extended to Tue, 26 Feb 2013 13:32:32 +0100 extension length 3600 
2013-02-26 12:32:32 [tsquare] (i18n) -> Setting locale to de_DE.UTF-8 
2013-02-26 12:32:32 [tsquare] (i18n) -> gettext is emulated 
2013-02-26 12:32:32 [tsquare] (ajax.server.php) -> Page: index Action:reloadnp 
2013-02-26 12:32:32 [tsquare] (session) -> Session created:eb44d571a2d15fd716cb6663570e209a 
2013-02-26 12:33:32 [tsquare] (session) -> 749u3c3t1le85roq0ic6b3m4f3 has been extended to Tue, 26 Feb 2013 13:33:32 +0100 extension length 3600 
2013-02-26 12:33:32 [tsquare] (i18n) -> Setting locale to de_DE.UTF-8 
2013-02-26 12:33:32 [tsquare] (i18n) -> gettext is emulated 
2013-02-26 12:33:32 [tsquare] (ajax.server.php) -> Page: index Action:reloadnp 
2013-02-26 12:33:32 [tsquare] (session) -> Session created:e8dbed8ced2834e3a23ac60240a54266 
2013-02-26 12:34:14 [tsquare] (getid3) -> write tags success 
2013-02-26 12:34:32 [tsquare] (session) -> 749u3c3t1le85roq0ic6b3m4f3 has been extended to Tue, 26 Feb 2013 13:34:32 +0100 extension length 3600 
2013-02-26 12:34:33 [tsquare] (i18n) -> Setting locale to de_DE.UTF-8 
2013-02-26 12:34:33 [tsquare] (i18n) -> gettext is emulated 
2013-02-26 12:34:33 [tsquare] (ajax.server.php) -> Page: index Action:reloadnp 
2013-02-26 12:34:33 [tsquare] (session) -> Session created:5598349bc8beb556c18282ddffd41b65 
2013-02-26 12:34:50 [tsquare] (session) -> 749u3c3t1le85roq0ic6b3m4f3 has been extended to Tue, 26 Feb 2013 13:34:50 +0100 extension length 3600 
2013-02-26 12:34:50 [tsquare] (i18n) -> Setting locale to de_DE.UTF-8 
2013-02-26 12:34:50 [tsquare] (i18n) -> gettext is emulated 
2013-02-26 12:34:51 [tsquare] (ajax.server.php) -> Page: tag Action:save_tag 
2013-02-26 12:34:51 [tsquare] (tag.ajax.php) -> Action:save_tag Browse ID: Tag ID:547 
2013-02-26 12:34:51 [ampache] (PHP) -> [Runtime Error] Missing argument 5 for vainfo::__construct(), called in C:\xampp\htdocs\Dropbox\Programmierung\homepages\TT-Music\server\tag.ajax.php on line 73 and defined in file C:\xampp\htdocs\Dropbox\Programmierung\homepages\TT-Music\lib\class\vainfo.class.php(64) 
2013-02-26 12:34:51 [ampache] (PHP) -> [Runtime Error] Missing argument 6 for vainfo::__construct(), called in C:\xampp\htdocs\Dropbox\Programmierung\homepages\TT-Music\server\tag.ajax.php on line 73 and defined in file C:\xampp\htdocs\Dropbox\Programmierung\homepages\TT-Music\lib\class\vainfo.class.php(64) 
2013-02-26 12:34:52 [tsquare] (vainfo) -> encoding detection: {"ASCII":4} 
2013-02-26 12:35:33 [tsquare] (session) -> 749u3c3t1le85roq0ic6b3m4f3 has been extended to Tue, 26 Feb 2013 13:35:33 +0100 extension length 3600 
2013-02-26 12:35:33 [tsquare] (i18n) -> Setting locale to de_DE.UTF-8 
2013-02-26 12:35:33 [tsquare] (i18n) -> gettext is emulated 
2013-02-26 12:35:33 [tsquare] (ajax.server.php) -> Page: index Action:reloadnp 
2013-02-26 12:35:33 [tsquare] (session) -> Session created:bea06cde983356342967d8d2dd17657b 
2013-02-26 12:35:35 [tsquare] (getid3) -> write tags success 
2013-02-26 12:36:32 [tsquare] (session) -> 749u3c3t1le85roq0ic6b3m4f3 has been extended to Tue, 26 Feb 2013 13:36:32 +0100 extension length 3600 
2013-02-26 12:36:33 [tsquare] (i18n) -> Setting locale to de_DE.UTF-8 
2013-02-26 12:36:33 [tsquare] (i18n) -> gettext is emulated 
2013-02-26 12:36:33 [tsquare] (ajax.server.php) -> Page: index Action:reloadnp 
2013-02-26 12:36:33 [tsquare] (session) -> Session created:9130c3592007fb507b006a3f7c2b9489 
2013-02-26 12:37:32 [tsquare] (session) -> 749u3c3t1le85roq0ic6b3m4f3 has been extended to Tue, 26 Feb 2013 13:37:32 +0100 extension length 3600 
2013-02-26 12:37:32 [tsquare] (i18n) -> Setting locale to de_DE.UTF-8 
2013-02-26 12:37:32 [tsquare] (i18n) -> gettext is emulated 
2013-02-26 12:37:32 [tsquare] (ajax.server.php) -> Page: index Action:reloadnp 
2013-02-26 12:37:32 [tsquare] (session) -> Session created:3beb065184b5923749c2abd646d66558 
2013-02-26 12:37:44 [tsquare] (session) -> 749u3c3t1le85roq0ic6b3m4f3 has been extended to Tue, 26 Feb 2013 13:37:44 +0100 extension length 3600 
2013-02-26 12:37:44 [tsquare] (i18n) -> Setting locale to de_DE.UTF-8 
2013-02-26 12:37:44 [tsquare] (i18n) -> gettext is emulated 
2013-02-26 12:37:44 [tsquare] (ajax.server.php) -> Page: tag Action:save_tag 
2013-02-26 12:37:44 [tsquare] (tag.ajax.php) -> Action:save_tag Browse ID: Tag ID:545 
2013-02-26 12:37:44 [ampache] (PHP) -> [Runtime Error] Missing argument 5 for vainfo::__construct(), called in C:\xampp\htdocs\Dropbox\Programmierung\homepages\TT-Music\server\tag.ajax.php on line 73 and defined in file C:\xampp\htdocs\Dropbox\Programmierung\homepages\TT-Music\lib\class\vainfo.class.php(64) 
2013-02-26 12:37:44 [ampache] (PHP) -> [Runtime Error] Missing argument 6 for vainfo::__construct(), called in C:\xampp\htdocs\Dropbox\Programmierung\homepages\TT-Music\server\tag.ajax.php on line 73 and defined in file C:\xampp\htdocs\Dropbox\Programmierung\homepages\TT-Music\lib\class\vainfo.class.php(64) 
2013-02-26 12:37:45 [tsquare] (vainfo) -> encoding detection: {"ASCII":4} 
2013-02-26 12:38:31 [ampache] (PHP) -> [Runtime Error] strlen() expects parameter 1 to be string, array given in file C:\xampp\htdocs\Dropbox\Programmierung\homepages\TT-Music\modules\getid3\write.php(533) 
2013-02-26 12:38:31 [tsquare] (getid3) -> write tags success 
2013-02-26 12:38:33 [tsquare] (session) -> 749u3c3t1le85roq0ic6b3m4f3 has been extended to Tue, 26 Feb 2013 13:38:33 +0100 extension length 3600 
2013-02-26 12:38:33 [tsquare] (i18n) -> Setting locale to de_DE.UTF-8 
2013-02-26 12:38:33 [tsquare] (i18n) -> gettext is emulated 
2013-02-26 12:38:33 [tsquare] (ajax.server.php) -> Page: index Action:reloadnp 
2013-02-26 12:38:33 [tsquare] (session) -> Session created:45a78221000471f4987b6df891b79a01 
2013-02-26 12:39:32 [tsquare] (session) -> 749u3c3t1le85roq0ic6b3m4f3 has been extended to Tue, 26 Feb 2013 13:39:32 +0100 extension length 3600 
2013-02-26 12:39:32 [tsquare] (i18n) -> Setting locale to de_DE.UTF-8 
2013-02-26 12:39:32 [tsquare] (i18n) -> gettext is emulated 
2013-02-26 12:39:32 [tsquare] (ajax.server.php) -> Page: index Action:reloadnp 
2013-02-26 12:39:33 [tsquare] (session) -> Session created:5931e5a48b28b43d39afe29fbb13eb7f 
2013-02-26 12:39:35 [tsquare] (session) -> 749u3c3t1le85roq0ic6b3m4f3 has been extended to Tue, 26 Feb 2013 13:39:35 +0100 extension length 3600 
2013-02-26 12:39:35 [tsquare] (i18n) -> Setting locale to de_DE.UTF-8 
2013-02-26 12:39:35 [tsquare] (i18n) -> gettext is emulated 
2013-02-26 12:39:35 [tsquare] (ajax.server.php) -> Page: tag Action:save_tag 
2013-02-26 12:39:35 [tsquare] (tag.ajax.php) -> Action:save_tag Browse ID: Tag ID:547 
2013-02-26 12:39:35 [ampache] (PHP) -> [Runtime Error] Missing argument 5 for vainfo::__construct(), called in C:\xampp\htdocs\Dropbox\Programmierung\homepages\TT-Music\server\tag.ajax.php on line 73 and defined in file C:\xampp\htdocs\Dropbox\Programmierung\homepages\TT-Music\lib\class\vainfo.class.php(64) 
2013-02-26 12:39:35 [ampache] (PHP) -> [Runtime Error] Missing argument 6 for vainfo::__construct(), called in C:\xampp\htdocs\Dropbox\Programmierung\homepages\TT-Music\server\tag.ajax.php on line 73 and defined in file C:\xampp\htdocs\Dropbox\Programmierung\homepages\TT-Music\lib\class\vainfo.class.php(64) 
2013-02-26 12:39:36 [tsquare] (vainfo) -> encoding detection: {"ASCII":4} 
2013-02-26 12:39:38 [tsquare] (getid3) -> write tags success 
2013-02-26 12:39:52 [tsquare] (session) -> 749u3c3t1le85roq0ic6b3m4f3 has been extended to Tue, 26 Feb 2013 13:39:52 +0100 extension length 3600 
2013-02-26 12:39:52 [tsquare] (i18n) -> Setting locale to de_DE.UTF-8 
2013-02-26 12:39:52 [tsquare] (i18n) -> gettext is emulated 
2013-02-26 12:39:52 [tsquare] (ajax.server.php) -> Page: tag Action:save_tag 
2013-02-26 12:39:52 [tsquare] (tag.ajax.php) -> Action:save_tag Browse ID: Tag ID:545 
2013-02-26 12:39:52 [ampache] (PHP) -> [Runtime Error] Missing argument 5 for vainfo::__construct(), called in C:\xampp\htdocs\Dropbox\Programmierung\homepages\TT-Music\server\tag.ajax.php on line 73 and defined in file C:\xampp\htdocs\Dropbox\Programmierung\homepages\TT-Music\lib\class\vainfo.class.php(64) 
2013-02-26 12:39:52 [ampache] (PHP) -> [Runtime Error] Missing argument 6 for vainfo::__construct(), called in C:\xampp\htdocs\Dropbox\Programmierung\homepages\TT-Music\server\tag.ajax.php on line 73 and defined in file C:\xampp\htdocs\Dropbox\Programmierung\homepages\TT-Music\lib\class\vainfo.class.php(64) 
2013-02-26 12:39:53 [tsquare] (vainfo) -> encoding detection: {"ASCII":4} 
2013-02-26 12:40:23 [tsquare] (getid3) -> write tags success 
2013-02-26 12:40:33 [tsquare] (session) -> 749u3c3t1le85roq0ic6b3m4f3 has been extended to Tue, 26 Feb 2013 13:40:33 +0100 extension length 3600 
2013-02-26 12:40:33 [tsquare] (i18n) -> Setting locale to de_DE.UTF-8 
2013-02-26 12:40:33 [tsquare] (i18n) -> gettext is emulated 
2013-02-26 12:40:33 [tsquare] (ajax.server.php) -> Page: index Action:reloadnp 
2013-02-26 12:40:33 [tsquare] (session) -> Session created:e04449b6b0c24c049cbf6759c7857927 
2013-02-26 12:40:43 [tsquare] (session) -> 749u3c3t1le85roq0ic6b3m4f3 has been extended to Tue, 26 Feb 2013 13:40:43 +0100 extension length 3600 
2013-02-26 12:40:43 [tsquare] (i18n) -> Setting locale to de_DE.UTF-8 
2013-02-26 12:40:43 [tsquare] (i18n) -> gettext is emulated 
2013-02-26 12:40:43 [tsquare] (ajax.server.php) -> Page: tag Action:save_tag 
2013-02-26 12:40:43 [tsquare] (tag.ajax.php) -> Action:save_tag Browse ID: Tag ID:547 
2013-02-26 12:40:44 [ampache] (PHP) -> [Runtime Error] Missing argument 5 for vainfo::__construct(), called in C:\xampp\htdocs\Dropbox\Programmierung\homepages\TT-Music\server\tag.ajax.php on line 73 and defined in file C:\xampp\htdocs\Dropbox\Programmierung\homepages\TT-Music\lib\class\vainfo.class.php(64) 
2013-02-26 12:40:44 [ampache] (PHP) -> [Runtime Error] Missing argument 6 for vainfo::__construct(), called in C:\xampp\htdocs\Dropbox\Programmierung\homepages\TT-Music\server\tag.ajax.php on line 73 and defined in file C:\xampp\htdocs\Dropbox\Programmierung\homepages\TT-Music\lib\class\vainfo.class.php(64) 
2013-02-26 12:40:44 [tsquare] (vainfo) -> encoding detection: {"ASCII":4} 
2013-02-26 12:41:32 [tsquare] (session) -> 749u3c3t1le85roq0ic6b3m4f3 has been extended to Tue, 26 Feb 2013 13:41:32 +0100 extension length 3600 
2013-02-26 12:41:32 [tsquare] (i18n) -> Setting locale to de_DE.UTF-8 
2013-02-26 12:41:32 [tsquare] (i18n) -> gettext is emulated 
2013-02-26 12:41:32 [tsquare] (ajax.server.php) -> Page: index Action:reloadnp 
2013-02-26 12:41:32 [tsquare] (session) -> Session created:d02b27821344d360ab60bb814f3cfc2c 
2013-02-26 12:41:40 [tsquare] (session) -> 749u3c3t1le85roq0ic6b3m4f3 has been extended to Tue, 26 Feb 2013 13:41:40 +0100 extension length 3600 
2013-02-26 12:41:40 [tsquare] (i18n) -> Setting locale to de_DE.UTF-8 
2013-02-26 12:41:40 [tsquare] (i18n) -> gettext is emulated 
2013-02-26 12:41:41 [tsquare] (ajax.server.php) -> Page: tag Action:save_tag 
2013-02-26 12:41:41 [tsquare] (tag.ajax.php) -> Action:save_tag Browse ID: Tag ID:544 
2013-02-26 12:41:41 [ampache] (PHP) -> [Runtime Error] Missing argument 5 for vainfo::__construct(), called in C:\xampp\htdocs\Dropbox\Programmierung\homepages\TT-Music\server\tag.ajax.php on line 73 and defined in file C:\xampp\htdocs\Dropbox\Programmierung\homepages\TT-Music\lib\class\vainfo.class.php(64) 
2013-02-26 12:41:41 [ampache] (PHP) -> [Runtime Error] Missing argument 6 for vainfo::__construct(), called in C:\xampp\htdocs\Dropbox\Programmierung\homepages\TT-Music\server\tag.ajax.php on line 73 and defined in file C:\xampp\htdocs\Dropbox\Programmierung\homepages\TT-Music\lib\class\vainfo.class.php(64) 
2013-02-26 12:41:42 [tsquare] (vainfo) -> encoding detection: {"ASCII":4} 
2013-02-26 12:41:43 [tsquare] (getid3) -> write tags success 
2013-02-26 12:42:25 [tsquare] (getid3) -> write tags success 
2013-02-26 12:42:32 [tsquare] (session) -> 749u3c3t1le85roq0ic6b3m4f3 has been extended to Tue, 26 Feb 2013 13:42:32 +0100 extension length 3600 
2013-02-26 12:42:32 [tsquare] (i18n) -> Setting locale to de_DE.UTF-8 
2013-02-26 12:42:32 [tsquare] (i18n) -> gettext is emulated 
2013-02-26 12:42:32 [tsquare] (ajax.server.php) -> Page: index Action:reloadnp 
2013-02-26 12:42:32 [tsquare] (session) -> Session created:9aeaa84b0dbeda902196a660c01a9206 
2013-02-26 12:43:19 [tsquare] (session) -> 749u3c3t1le85roq0ic6b3m4f3 has been extended to Tue, 26 Feb 2013 13:43:19 +0100 extension length 3600 
2013-02-26 12:43:19 [tsquare] (i18n) -> Setting locale to de_DE.UTF-8 
2013-02-26 12:43:19 [tsquare] (i18n) -> gettext is emulated 
2013-02-26 12:43:19 [tsquare] (ajax.server.php) -> Page: tag Action:save_tag 
2013-02-26 12:43:19 [tsquare] (tag.ajax.php) -> Action:save_tag Browse ID: Tag ID:547 
2013-02-26 12:43:19 [ampache] (PHP) -> [Runtime Error] Missing argument 5 for vainfo::__construct(), called in C:\xampp\htdocs\Dropbox\Programmierung\homepages\TT-Music\server\tag.ajax.php on line 73 and defined in file C:\xampp\htdocs\Dropbox\Programmierung\homepages\TT-Music\lib\class\vainfo.class.php(64) 
2013-02-26 12:43:19 [ampache] (PHP) -> [Runtime Error] Missing argument 6 for vainfo::__construct(), called in C:\xampp\htdocs\Dropbox\Programmierung\homepages\TT-Music\server\tag.ajax.php on line 73 and defined in file C:\xampp\htdocs\Dropbox\Programmierung\homepages\TT-Music\lib\class\vainfo.class.php(64) 
2013-02-26 12:43:21 [tsquare] (vainfo) -> encoding detection: {"ASCII":4} 
2013-02-26 12:43:32 [tsquare] (session) -> 749u3c3t1le85roq0ic6b3m4f3 has been extended to Tue, 26 Feb 2013 13:43:32 +0100 extension length 3600 
2013-02-26 12:43:32 [tsquare] (i18n) -> Setting locale to de_DE.UTF-8 
2013-02-26 12:43:32 [tsquare] (i18n) -> gettext is emulated 
2013-02-26 12:43:32 [tsquare] (ajax.server.php) -> Page: index Action:reloadnp 
2013-02-26 12:43:33 [tsquare] (session) -> Session created:e6b71f8c14effdff09c9b5431061f70b 
2013-02-26 12:43:51 [tsquare] (getid3) -> write tags success 
2013-02-26 12:44:10 [tsquare] (session) -> 749u3c3t1le85roq0ic6b3m4f3 has been extended to Tue, 26 Feb 2013 13:44:10 +0100 extension length 3600 
2013-02-26 12:44:10 [tsquare] (i18n) -> Setting locale to de_DE.UTF-8 
2013-02-26 12:44:10 [tsquare] (i18n) -> gettext is emulated 
2013-02-26 12:44:10 [tsquare] (ajax.server.php) -> Page: tag Action:save_tag 
2013-02-26 12:44:10 [tsquare] (tag.ajax.php) -> Action:save_tag Browse ID: Tag ID:544 
2013-02-26 12:44:10 [ampache] (PHP) -> [Runtime Error] Missing argument 5 for vainfo::__construct(), called in C:\xampp\htdocs\Dropbox\Programmierung\homepages\TT-Music\server\tag.ajax.php on line 73 and defined in file C:\xampp\htdocs\Dropbox\Programmierung\homepages\TT-Music\lib\class\vainfo.class.php(64) 
2013-02-26 12:44:10 [ampache] (PHP) -> [Runtime Error] Missing argument 6 for vainfo::__construct(), called in C:\xampp\htdocs\Dropbox\Programmierung\homepages\TT-Music\server\tag.ajax.php on line 73 and defined in file C:\xampp\htdocs\Dropbox\Programmierung\homepages\TT-Music\lib\class\vainfo.class.php(64) 
2013-02-26 12:44:11 [tsquare] (vainfo) -> encoding detection: {"ASCII":4} 
2013-02-26 12:44:33 [tsquare] (session) -> 749u3c3t1le85roq0ic6b3m4f3 has been extended to Tue, 26 Feb 2013 13:44:33 +0100 extension length 3600 
2013-02-26 12:44:33 [tsquare] (i18n) -> Setting locale to de_DE.UTF-8 
2013-02-26 12:44:33 [tsquare] (i18n) -> gettext is emulated 
2013-02-26 12:44:33 [tsquare] (ajax.server.php) -> Page: index Action:reloadnp 
2013-02-26 12:44:33 [tsquare] (session) -> Session created:0d701d552b2b0cfbab7d8cc02553737e 
2013-02-26 12:44:35 [tsquare] (getid3) -> write tags success 
2013-02-26 12:45:32 [tsquare] (session) -> 749u3c3t1le85roq0ic6b3m4f3 has been extended to Tue, 26 Feb 2013 13:45:32 +0100 extension length 3600 
2013-02-26 12:45:32 [tsquare] (i18n) -> Setting locale to de_DE.UTF-8 
2013-02-26 12:45:32 [tsquare] (i18n) -> gettext is emulated 
2013-02-26 12:45:32 [tsquare] (ajax.server.php) -> Page: index Action:reloadnp 
2013-02-26 12:45:32 [tsquare] (session) -> Session created:1dfdbc83d6776e3c05c239621198cf92 
2013-02-26 12:46:33 [tsquare] (session) -> 749u3c3t1le85roq0ic6b3m4f3 has been extended to Tue, 26 Feb 2013 13:46:33 +0100 extension length 3600 
2013-02-26 12:46:33 [tsquare] (i18n) -> Setting locale to de_DE.UTF-8 
2013-02-26 12:46:33 [tsquare] (i18n) -> gettext is emulated 
2013-02-26 12:46:33 [tsquare] (ajax.server.php) -> Page: index Action:reloadnp 
2013-02-26 12:46:33 [tsquare] (session) -> Session created:8d0cb830ab2bb43405c00fa76df6d8e3 
2013-02-26 12:47:32 [tsquare] (session) -> 749u3c3t1le85roq0ic6b3m4f3 has been extended to Tue, 26 Feb 2013 13:47:32 +0100 extension length 3600 
2013-02-26 12:47:32 [tsquare] (i18n) -> Setting locale to de_DE.UTF-8 
2013-02-26 12:47:32 [tsquare] (i18n) -> gettext is emulated 
2013-02-26 12:47:32 [tsquare] (ajax.server.php) -> Page: index Action:reloadnp 
2013-02-26 12:47:32 [tsquare] (session) -> Session created:2766a7af26a1997af509ee49446a0f28 
2013-02-26 12:48:34 [tsquare] (session) -> 749u3c3t1le85roq0ic6b3m4f3 has been extended to Tue, 26 Feb 2013 13:48:34 +0100 extension length 3600 
2013-02-26 12:48:34 [tsquare] (i18n) -> Setting locale to de_DE.UTF-8 
2013-02-26 12:48:34 [tsquare] (i18n) -> gettext is emulated 
2013-02-26 12:48:34 [tsquare] (ajax.server.php) -> Page: index Action:reloadnp 
2013-02-26 12:48:34 [tsquare] (session) -> Session created:19c10eb3259f01b5acf24be27eef9b12 
2013-02-26 12:49:33 [tsquare] (session) -> 749u3c3t1le85roq0ic6b3m4f3 has been extended to Tue, 26 Feb 2013 13:49:32 +0100 extension length 3600 
2013-02-26 12:49:33 [tsquare] (i18n) -> Setting locale to de_DE.UTF-8 
2013-02-26 12:49:33 [tsquare] (i18n) -> gettext is emulated 
2013-02-26 12:49:33 [tsquare] (ajax.server.php) -> Page: index Action:reloadnp 
2013-02-26 12:49:33 [tsquare] (session) -> Session created:c5febdea147acc21673b2517806bfdf2 
2013-02-26 12:50:32 [tsquare] (session) -> 749u3c3t1le85roq0ic6b3m4f3 has been extended to Tue, 26 Feb 2013 13:50:32 +0100 extension length 3600 
2013-02-26 12:50:32 [tsquare] (i18n) -> Setting locale to de_DE.UTF-8 
2013-02-26 12:50:32 [tsquare] (i18n) -> gettext is emulated 
2013-02-26 12:50:32 [tsquare] (ajax.server.php) -> Page: index Action:reloadnp 
2013-02-26 12:50:32 [tsquare] (session) -> Session created:336cd2fe4536953357d3ae5198160f28 
2013-02-26 12:51:32 [tsquare] (session) -> 749u3c3t1le85roq0ic6b3m4f3 has been extended to Tue, 26 Feb 2013 13:51:32 +0100 extension length 3600 
2013-02-26 12:51:32 [tsquare] (i18n) -> Setting locale to de_DE.UTF-8 
2013-02-26 12:51:32 [tsquare] (i18n) -> gettext is emulated 
2013-02-26 12:51:32 [tsquare] (ajax.server.php) -> Page: index Action:reloadnp 
2013-02-26 12:51:32 [tsquare] (session) -> Session created:28770ef59e4c718b56dce829b9f5c71e 
2013-02-26 12:52:32 [tsquare] (session) -> 749u3c3t1le85roq0ic6b3m4f3 has been extended to Tue, 26 Feb 2013 13:52:32 +0100 extension length 3600 
2013-02-26 12:52:32 [tsquare] (i18n) -> Setting locale to de_DE.UTF-8 
2013-02-26 12:52:32 [tsquare] (i18n) -> gettext is emulated 
2013-02-26 12:52:32 [tsquare] (ajax.server.php) -> Page: index Action:reloadnp 
2013-02-26 12:52:32 [tsquare] (session) -> Session created:21d4b698a7e058b0d9406b0a425721dd 
2013-02-26 12:53:31 [tsquare] (session) -> 749u3c3t1le85roq0ic6b3m4f3 has been extended to Tue, 26 Feb 2013 13:53:31 +0100 extension length 3600 
2013-02-26 12:53:31 [tsquare] (i18n) -> Setting locale to de_DE.UTF-8 
2013-02-26 12:53:31 [tsquare] (i18n) -> gettext is emulated 
2013-02-26 12:53:31 [tsquare] (ajax.server.php) -> Page: index Action:reloadnp 
2013-02-26 12:53:31 [tsquare] (session) -> Session created:3f54fac5c7e3ceaec7e49f2ecf2eb414 
2013-02-26 12:54:32 [tsquare] (session) -> 749u3c3t1le85roq0ic6b3m4f3 has been extended to Tue, 26 Feb 2013 13:54:32 +0100 extension length 3600 
2013-02-26 12:54:32 [tsquare] (i18n) -> Setting locale to de_DE.UTF-8 
2013-02-26 12:54:32 [tsquare] (i18n) -> gettext is emulated 
2013-02-26 12:54:32 [tsquare] (ajax.server.php) -> Page: index Action:reloadnp 
2013-02-26 12:54:32 [tsquare] (session) -> Session created:2c4fc25a25fb1d04378518977d920848 
2013-02-26 12:55:32 [tsquare] (session) -> 749u3c3t1le85roq0ic6b3m4f3 has been extended to Tue, 26 Feb 2013 13:55:32 +0100 extension length 3600 
2013-02-26 12:55:32 [tsquare] (i18n) -> Setting locale to de_DE.UTF-8 
2013-02-26 12:55:32 [tsquare] (i18n) -> gettext is emulated 
2013-02-26 12:55:32 [tsquare] (ajax.server.php) -> Page: index Action:reloadnp 
2013-02-26 12:55:32 [tsquare] (session) -> Session created:05b5ff8100e5370fe649348aeb9931a0 
2013-02-26 12:56:32 [tsquare] (session) -> 749u3c3t1le85roq0ic6b3m4f3 has been extended to Tue, 26 Feb 2013 13:56:32 +0100 extension length 3600 
2013-02-26 12:56:32 [tsquare] (i18n) -> Setting locale to de_DE.UTF-8 
2013-02-26 12:56:32 [tsquare] (i18n) -> gettext is emulated 
2013-02-26 12:56:32 [tsquare] (ajax.server.php) -> Page: index Action:reloadnp 
2013-02-26 12:56:33 [tsquare] (session) -> Session created:5b27aa3fa824369d6c85f64342b4276d 
2013-02-26 12:57:32 [tsquare] (session) -> 749u3c3t1le85roq0ic6b3m4f3 has been extended to Tue, 26 Feb 2013 13:57:32 +0100 extension length 3600 
2013-02-26 12:57:32 [tsquare] (i18n) -> Setting locale to de_DE.UTF-8 
2013-02-26 12:57:32 [tsquare] (i18n) -> gettext is emulated 
2013-02-26 12:57:32 [tsquare] (ajax.server.php) -> Page: index Action:reloadnp 
2013-02-26 12:57:32 [tsquare] (session) -> Session created:bf19628e90f07c858dc4a8f3a5c0f5a4 
2013-02-26 12:58:36 [tsquare] (session) -> 749u3c3t1le85roq0ic6b3m4f3 has been extended to Tue, 26 Feb 2013 13:58:36 +0100 extension length 3600 
2013-02-26 12:58:36 [tsquare] (i18n) -> Setting locale to de_DE.UTF-8 
2013-02-26 12:58:36 [tsquare] (i18n) -> gettext is emulated 
2013-02-26 12:58:36 [tsquare] (ajax.server.php) -> Page: index Action:reloadnp 
2013-02-26 12:58:37 [tsquare] (session) -> Session created:22ce717b6f01e649305534f5fffce21b 
