2013-02-22 07:57:56 [tsquare] (clean) -> Starting on Test 
2013-02-22 07:57:57 [tsquare] (clean) -> Starting chunk 0 
2013-02-22 07:57:57 [tsquare] (clean) -> File not found or empty: C:\Dokumente und Einstellungen\tt\Desktop\test\Deichkind - Bück Dich Hoch.mp3 
2013-02-22 07:57:57 [tsquare] (clean) -> File not found or empty: C:\Dokumente und Einstellungen\tt\Desktop\test\Der König Tanzt - Alles Dreht Sich.mp3 
2013-02-22 07:57:57 [tsquare] (clean) -> File not found or empty: C:\Dokumente und Einstellungen\tt\Desktop\test\Die Ärzte - Zeidverschwändung.mp3 
2013-02-22 07:57:57 [tsquare] (clean) -> File not found or empty: C:\Dokumente und Einstellungen\tt\Desktop\test\Frida Gold - Wovon Sollen Wir Träumen.mp3 
2013-02-22 07:57:57 [tsquare] (clean) -> File not found or empty: C:\Dokumente und Einstellungen\tt\Desktop\test\Kraftklub - Songs Für Liam.mp3 
2013-02-22 07:57:57 [tsquare] (clean) -> File not found or empty: C:\Dokumente und Einstellungen\tt\Desktop\test\Michel Teló - Ai Se Eu Te Pego.mp3 
2013-02-22 07:57:57 [tsquare] (clean) -> song finished, 6 removed from Test 
2013-02-22 07:57:57 [tsquare] (catalog) -> Database cleanup started 
2013-02-22 07:57:57 [tsquare] (catalog) -> Database cleanup ended 
2013-02-22 07:57:57 [tsquare] (verify) -> Starting on Test 
2013-02-22 07:57:57 [tsquare] (verify) -> Starting chunk 0 
2013-02-22 07:58:04 [tsquare] (song-diff) -> {"size":"OLD:4151796 --> 4152820"} 
2013-02-22 07:58:04 [tsquare] (update) -> C:\Dokumente und Einstellungen\tt\Desktop\test\Alex Clare - Too Close.mp3 difference found, updating database 
2013-02-22 07:58:05 [tsquare] (song-diff) -> {"album":"OLD:161 --> 166"} 
2013-02-22 07:58:05 [tsquare] (update) -> C:\Dokumente und Einstellungen\tt\Desktop\test\Culcha Candela - Wildes Ding.mp3 difference found, updating database 
2013-02-22 07:58:10 [tsquare] (song-diff) -> {"size":"OLD:3708062 --> 3805342"} 
2013-02-22 07:58:10 [tsquare] (update) -> C:\Dokumente und Einstellungen\tt\Desktop\test\Marlon Roudette - Anti Hero.mp3 difference found, updating database 
2013-02-22 07:58:14 [tsquare] (verify) -> Finished, 3 updated in Test 
2013-02-22 07:58:14 [tsquare] (catalog) -> Database cleanup started 
2013-02-22 07:58:14 [tsquare] (catalog) -> Database cleanup ended 
2013-02-22 07:58:16 [tsquare] (closedir) -> Finished reading C:\Dokumente und Einstellungen\tt\Desktop\test closing handle 
